# JRE version: OpenJDK Runtime Environment Temurin-21.0.9+10 (21.0.9+10) (build 21.0.9+10-LTS)
# Java VM: OpenJDK 64-Bit Server VM Temurin-21.0.9+10 (21.0.9+10-LTS, mixed mode, sharing, tiered, compressed oops, compressed class ptrs, g1 gc, windows-amd64)
GC Precious Log:
 CardTable entry size: 512
 Card Set container configuration: InlinePtr #cards 4 size 8 Array Of Cards #cards 16 size 48 Howl #buckets 8 coarsen threshold 3686 Howl Bitmap #cards 512 size 80 coarsen threshold 460 Card regions per heap region 1 cards per card region 4096
 CPUs: 32 total, 32 available
 Memory: 65444M
 Large Page Support: Disabled
 NUMA Support: Disabled
 Compressed Oops: Enabled (Zero based)
 Heap Region Size: 2M
 Heap Min Capacity: 8M
 Heap Initial Capacity: 1G
 Heap Max Capacity: 3G
 Pre-touch: Disabled
 Parallel Workers: 23
 Concurrent Workers: 6
 Concurrent Refinement Workers: 23
 Periodic GC: Disabled
Heap:
 garbage-first heap   total 579584K, used 91818K [0x0000000740000000, 0x0000000800000000)
  region size 2048K, 3 young (6144K), 1 survivors (2048K)
 Metaspace       used 75713K, committed 77888K, reserved 1179648K
  class space    used 10794K, committed 11840K, reserved 1048576K
GC Heap History (20 events):
Event: 7.524 GC heap after
{Heap after GC invocations=7 (full 0):
 garbage-first heap   total 106496K, used 31463K [0x0000000740000000, 0x0000000800000000)
  region size 2048K, 1 young (2048K), 1 survivors (2048K)
 Metaspace       used 34815K, committed 35968K, reserved 1114112K
  class space    used 4972K, committed 5568K, reserved 1048576K
}
Event: 8.685 GC heap before
{Heap before GC invocations=8 (full 0):
 garbage-first heap   total 106496K, used 88807K [0x0000000740000000, 0x0000000800000000)
  region size 2048K, 28 young (57344K), 1 survivors (2048K)
 Metaspace       used 40323K, committed 41728K, reserved 1114112K
  class space    used 5804K, committed 6464K, reserved 1048576K
}
Event: 8.690 GC heap after
{Heap after GC invocations=9 (full 0):
 garbage-first heap   total 106496K, used 34893K [0x0000000740000000, 0x0000000800000000)
  region size 2048K, 3 young (6144K), 3 survivors (6144K)
 Metaspace       used 40323K, committed 41728K, reserved 1114112K
  class space    used 5804K, committed 6464K, reserved 1048576K
}
Event: 9.907 GC heap before
{Heap before GC invocations=9 (full 0):
 garbage-first heap   total 106496K, used 86093K [0x0000000740000000, 0x0000000800000000)
  region size 2048K, 29 young (59392K), 3 survivors (6144K)
 Metaspace       used 46793K, committed 48384K, reserved 1114112K
  class space    used 6702K, committed 7488K, reserved 1048576K
}
Event: 9.913 GC heap after
{Heap after GC invocations=10 (full 0):
 garbage-first heap   total 106496K, used 38424K [0x0000000740000000, 0x0000000800000000)
  region size 2048K, 2 young (4096K), 2 survivors (4096K)
 Metaspace       used 46793K, committed 48384K, reserved 1114112K
  class space    used 6702K, committed 7488K, reserved 1048576K
}
Event: 11.045 GC heap before
{Heap before GC invocations=10 (full 0):
 garbage-first heap   total 106496K, used 91672K [0x0000000740000000, 0x0000000800000000)
  region size 2048K, 28 young (57344K), 2 survivors (4096K)
 Metaspace       used 50863K, committed 52608K, reserved 1114112K
  class space    used 7343K, committed 8192K, reserved 1048576K
}
Event: 11.051 GC heap after
{Heap after GC invocations=11 (full 0):
 garbage-first heap   total 106496K, used 40773K [0x0000000740000000, 0x0000000800000000)
  region size 2048K, 3 young (6144K), 3 survivors (6144K)
 Metaspace       used 50863K, committed 52608K, reserved 1114112K
  class space    used 7343K, committed 8192K, reserved 1048576K
}
Event: 12.070 GC heap before
{Heap before GC invocations=11 (full 0):
 garbage-first heap   total 106496K, used 94021K [0x0000000740000000, 0x0000000800000000)
  region size 2048K, 28 young (57344K), 3 survivors (6144K)
 Metaspace       used 54299K, committed 56128K, reserved 1114112K
  class space    used 7856K, committed 8768K, reserved 1048576K
}
Event: 12.078 GC heap after
{Heap after GC invocations=12 (full 0):
 garbage-first heap   total 106496K, used 48915K [0x0000000740000000, 0x0000000800000000)
  region size 2048K, 4 young (8192K), 4 survivors (8192K)
 Metaspace       used 54299K, committed 56128K, reserved 1114112K
  class space    used 7856K, committed 8768K, reserved 1048576K
}
Event: 12.901 GC heap before
{Heap before GC invocations=12 (full 0):
 garbage-first heap   total 106496K, used 91923K [0x0000000740000000, 0x0000000800000000)
  region size 2048K, 25 young (51200K), 4 survivors (8192K)
 Metaspace       used 56099K, committed 57984K, reserved 1114112K
  class space    used 8113K, committed 9024K, reserved 1048576K
}
Event: 12.907 GC heap after
{Heap after GC invocations=13 (full 0):
 garbage-first heap   total 108544K, used 53877K [0x0000000740000000, 0x0000000800000000)
  region size 2048K, 3 young (6144K), 3 survivors (6144K)
 Metaspace       used 56099K, committed 57984K, reserved 1114112K
  class space    used 8113K, committed 9024K, reserved 1048576K
}
Event: 13.584 GC heap before
{Heap before GC invocations=13 (full 0):
 garbage-first heap   total 108544K, used 90741K [0x0000000740000000, 0x0000000800000000)
  region size 2048K, 22 young (45056K), 3 survivors (6144K)
 Metaspace       used 58172K, committed 60096K, reserved 1114112K
  class space    used 8450K, committed 9344K, reserved 1048576K
}
Event: 13.592 GC heap after
{Heap after GC invocations=14 (full 0):
 garbage-first heap   total 108544K, used 57670K [0x0000000740000000, 0x0000000800000000)
  region size 2048K, 2 young (4096K), 2 survivors (4096K)
 Metaspace       used 58172K, committed 60096K, reserved 1114112K
  class space    used 8450K, committed 9344K, reserved 1048576K
}
Event: 14.539 GC heap before
{Heap before GC invocations=15 (full 0):
 garbage-first heap   total 108544K, used 92486K [0x0000000740000000, 0x0000000800000000)
  region size 2048K, 20 young (40960K), 2 survivors (4096K)
 Metaspace       used 61810K, committed 63744K, reserved 1114112K
  class space    used 8928K, committed 9856K, reserved 1048576K
}
Event: 14.546 GC heap after
{Heap after GC invocations=16 (full 0):
 garbage-first heap   total 579584K, used 64032K [0x0000000740000000, 0x0000000800000000)
  region size 2048K, 3 young (6144K), 3 survivors (6144K)
 Metaspace       used 61810K, committed 63744K, reserved 1114112K
  class space    used 8928K, committed 9856K, reserved 1048576K
}
Event: 20.356 GC heap before
{Heap before GC invocations=16 (full 0):
 garbage-first heap   total 579584K, used 502304K [0x0000000740000000, 0x0000000800000000)
  region size 2048K, 169 young (346112K), 3 survivors (6144K)
 Metaspace       used 75710K, committed 77888K, reserved 1179648K
  class space    used 10794K, committed 11840K, reserved 1048576K
}
Event: 21.335 GC heap after
{Heap after GC invocations=17 (full 0):
 garbage-first heap   total 579584K, used 88395K [0x0000000740000000, 0x0000000800000000)
  region size 2048K, 15 young (30720K), 15 survivors (30720K)
 Metaspace       used 75710K, committed 77888K, reserved 1179648K
  class space    used 10794K, committed 11840K, reserved 1048576K
}
Event: 21.358 GC heap before
{Heap before GC invocations=17 (full 0):
 garbage-first heap   total 579584K, used 90443K [0x0000000740000000, 0x0000000800000000)
  region size 2048K, 16 young (32768K), 15 survivors (30720K)
 Metaspace       used 75710K, committed 77888K, reserved 1179648K
  class space    used 10794K, committed 11840K, reserved 1048576K
}
Event: 21.368 GC heap after
{Heap after GC invocations=18 (full 0):
 garbage-first heap   total 579584K, used 90638K [0x0000000740000000, 0x0000000800000000)
  region size 2048K, 2 young (4096K), 2 survivors (4096K)
 Metaspace       used 75710K, committed 77888K, reserved 1179648K
  class space    used 10794K, committed 11840K, reserved 1048576K
}
Event: 21.676 GC heap before
{Heap before GC invocations=18 (full 0):
 garbage-first heap   total 579584K, used 115214K [0x0000000740000000, 0x0000000800000000)
  region size 2048K, 14 young (28672K), 2 survivors (4096K)
 Metaspace       used 75710K, committed 77888K, reserved 1179648K
  class space    used 10794K, committed 11840K, reserved 1048576K
}

