# JRE version: OpenJDK Runtime Environment Temurin-21.0.9+10 (21.0.9+10) (build 21.0.9+10-LTS)
# Java VM: OpenJDK 64-Bit Server VM Temurin-21.0.9+10 (21.0.9+10-LTS, mixed mode, sharing, tiered, compressed oops, compressed class ptrs, g1 gc, windows-amd64)
GC Precious Log:
 CardTable entry size: 512
 Card Set container configuration: InlinePtr #cards 4 size 8 Array Of Cards #cards 16 size 48 Howl #buckets 8 coarsen threshold 3686 Howl Bitmap #cards 512 size 80 coarsen threshold 460 Card regions per heap region 1 cards per card region 4096
 CPUs: 32 total, 32 available
 Memory: 65444M
 Large Page Support: Disabled
 NUMA Support: Disabled
 Compressed Oops: Enabled (Zero based)
 Heap Region Size: 2M
 Heap Min Capacity: 8M
 Heap Initial Capacity: 1G
 Heap Max Capacity: 3G
 Pre-touch: Disabled
 Parallel Workers: 23
 Concurrent Workers: 6
 Concurrent Refinement Workers: 23
 Periodic GC: Disabled
Heap:
 garbage-first heap   total 100352K, used 72265K [0x0000000740000000, 0x0000000800000000)
  region size 2048K, 12 young (24576K), 2 survivors (4096K)
 Metaspace       used 57135K, committed 59008K, reserved 1114112K
  class space    used 8322K, committed 9216K, reserved 1048576K
GC Heap History (20 events):
Event: 3.518 GC heap before
{Heap before GC invocations=2 (full 0):
 garbage-first heap   total 1048576K, used 76591K [0x0000000740000000, 0x0000000800000000)
  region size 2048K, 34 young (69632K), 4 survivors (8192K)
 Metaspace       used 20872K, committed 21504K, reserved 1114112K
  class space    used 3014K, committed 3328K, reserved 1048576K
}
Event: 3.526 GC heap after
{Heap after GC invocations=3 (full 0):
 garbage-first heap   total 1048576K, used 23295K [0x0000000740000000, 0x0000000800000000)
  region size 2048K, 6 young (12288K), 6 survivors (12288K)
 Metaspace       used 20872K, committed 21504K, reserved 1114112K
  class space    used 3014K, committed 3328K, reserved 1048576K
}
Event: 6.044 GC heap before
{Heap before GC invocations=4 (full 0):
 garbage-first heap   total 81920K, used 80639K [0x0000000740000000, 0x0000000800000000)
  region size 2048K, 34 young (69632K), 6 survivors (12288K)
 Metaspace       used 27618K, committed 28864K, reserved 1114112K
  class space    used 4166K, committed 4800K, reserved 1048576K
}
Event: 6.052 GC heap after
{Heap after GC invocations=5 (full 0):
 garbage-first heap   total 98304K, used 25883K [0x0000000740000000, 0x0000000800000000)
  region size 2048K, 8 young (16384K), 8 survivors (16384K)
 Metaspace       used 27618K, committed 28864K, reserved 1114112K
  class space    used 4166K, committed 4800K, reserved 1048576K
}
Event: 6.649 GC heap before
{Heap before GC invocations=5 (full 0):
 garbage-first heap   total 98304K, used 66843K [0x0000000740000000, 0x0000000800000000)
  region size 2048K, 28 young (57344K), 8 survivors (16384K)
 Metaspace       used 33843K, committed 35008K, reserved 1114112K
  class space    used 4819K, committed 5376K, reserved 1048576K
}
Event: 6.659 GC heap after
{Heap after GC invocations=6 (full 0):
 garbage-first heap   total 98304K, used 30509K [0x0000000740000000, 0x0000000800000000)
  region size 2048K, 4 young (8192K), 4 survivors (8192K)
 Metaspace       used 33843K, committed 35008K, reserved 1114112K
  class space    used 4819K, committed 5376K, reserved 1048576K
}
Event: 6.891 GC heap before
{Heap before GC invocations=6 (full 0):
 garbage-first heap   total 98304K, used 42797K [0x0000000740000000, 0x0000000800000000)
  region size 2048K, 11 young (22528K), 4 survivors (8192K)
 Metaspace       used 34743K, committed 35968K, reserved 1114112K
  class space    used 4960K, committed 5568K, reserved 1048576K
}
Event: 6.897 GC heap after
{Heap after GC invocations=7 (full 0):
 garbage-first heap   total 98304K, used 30736K [0x0000000740000000, 0x0000000800000000)
  region size 2048K, 1 young (2048K), 1 survivors (2048K)
 Metaspace       used 34743K, committed 35968K, reserved 1114112K
  class space    used 4960K, committed 5568K, reserved 1048576K
}
Event: 7.933 GC heap before
{Heap before GC invocations=8 (full 0):
 garbage-first heap   total 98304K, used 81936K [0x0000000740000000, 0x0000000800000000)
  region size 2048K, 25 young (51200K), 1 survivors (2048K)
 Metaspace       used 39378K, committed 40768K, reserved 1114112K
  class space    used 5644K, committed 6272K, reserved 1048576K
}
Event: 7.937 GC heap after
{Heap after GC invocations=9 (full 0):
 garbage-first heap   total 98304K, used 34604K [0x0000000740000000, 0x0000000800000000)
  region size 2048K, 3 young (6144K), 3 survivors (6144K)
 Metaspace       used 39378K, committed 40768K, reserved 1114112K
  class space    used 5644K, committed 6272K, reserved 1048576K
}
Event: 8.828 GC heap before
{Heap before GC invocations=9 (full 0):
 garbage-first heap   total 98304K, used 79660K [0x0000000740000000, 0x0000000800000000)
  region size 2048K, 26 young (53248K), 3 survivors (6144K)
 Metaspace       used 45572K, committed 47104K, reserved 1114112K
  class space    used 6503K, committed 7232K, reserved 1048576K
}
Event: 8.834 GC heap after
{Heap after GC invocations=10 (full 0):
 garbage-first heap   total 98304K, used 36534K [0x0000000740000000, 0x0000000800000000)
  region size 2048K, 2 young (4096K), 2 survivors (4096K)
 Metaspace       used 45572K, committed 47104K, reserved 1114112K
  class space    used 6503K, committed 7232K, reserved 1048576K
}
Event: 9.687 GC heap before
{Heap before GC invocations=10 (full 0):
 garbage-first heap   total 98304K, used 81590K [0x0000000740000000, 0x0000000800000000)
  region size 2048K, 25 young (51200K), 2 survivors (4096K)
 Metaspace       used 48912K, committed 50624K, reserved 1114112K
  class space    used 7017K, committed 7872K, reserved 1048576K
}
Event: 9.692 GC heap after
{Heap after GC invocations=11 (full 0):
 garbage-first heap   total 98304K, used 39658K [0x0000000740000000, 0x0000000800000000)
  region size 2048K, 3 young (6144K), 3 survivors (6144K)
 Metaspace       used 48912K, committed 50624K, reserved 1114112K
  class space    used 7017K, committed 7872K, reserved 1048576K
}
Event: 11.254 GC heap before
{Heap before GC invocations=11 (full 0):
 garbage-first heap   total 98304K, used 86762K [0x0000000740000000, 0x0000000800000000)
  region size 2048K, 25 young (51200K), 3 survivors (6144K)
 Metaspace       used 52952K, committed 54784K, reserved 1114112K
  class space    used 7722K, committed 8640K, reserved 1048576K
}
Event: 11.259 GC heap after
{Heap after GC invocations=12 (full 0):
 garbage-first heap   total 98304K, used 46511K [0x0000000740000000, 0x0000000800000000)
  region size 2048K, 4 young (8192K), 4 survivors (8192K)
 Metaspace       used 52952K, committed 54784K, reserved 1114112K
  class space    used 7722K, committed 8640K, reserved 1048576K
}
Event: 12.948 GC heap before
{Heap before GC invocations=12 (full 0):
 garbage-first heap   total 98304K, used 85423K [0x0000000740000000, 0x0000000800000000)
  region size 2048K, 23 young (47104K), 4 survivors (8192K)
 Metaspace       used 54671K, committed 56512K, reserved 1114112K
  class space    used 7936K, committed 8832K, reserved 1048576K
}
Event: 12.954 GC heap after
{Heap after GC invocations=13 (full 0):
 garbage-first heap   total 100352K, used 50914K [0x0000000740000000, 0x0000000800000000)
  region size 2048K, 3 young (6144K), 3 survivors (6144K)
 Metaspace       used 54671K, committed 56512K, reserved 1114112K
  class space    used 7936K, committed 8832K, reserved 1048576K
}
Event: 13.429 GC heap before
{Heap before GC invocations=13 (full 0):
 garbage-first heap   total 100352K, used 85730K [0x0000000740000000, 0x0000000800000000)
  region size 2048K, 20 young (40960K), 3 survivors (6144K)
 Metaspace       used 56789K, committed 58688K, reserved 1114112K
  class space    used 8246K, committed 9152K, reserved 1048576K
}
Event: 13.433 GC heap after
{Heap after GC invocations=14 (full 0):
 garbage-first heap   total 100352K, used 53833K [0x0000000740000000, 0x0000000800000000)
  region size 2048K, 2 young (4096K), 2 survivors (4096K)
 Metaspace       used 56789K, committed 58688K, reserved 1114112K
  class space    used 8246K, committed 9152K, reserved 1048576K
}

