# JRE version: OpenJDK Runtime Environment Temurin-21.0.9+10 (21.0.9+10) (build 21.0.9+10-LTS)
# Java VM: OpenJDK 64-Bit Server VM Temurin-21.0.9+10 (21.0.9+10-LTS, mixed mode, sharing, tiered, compressed oops, compressed class ptrs, g1 gc, windows-amd64)
GC Precious Log:
 CardTable entry size: 512
 Card Set container configuration: InlinePtr #cards 4 size 8 Array Of Cards #cards 16 size 48 Howl #buckets 8 coarsen threshold 3686 Howl Bitmap #cards 512 size 80 coarsen threshold 460 Card regions per heap region 1 cards per card region 4096
 CPUs: 32 total, 32 available
 Memory: 65444M
 Large Page Support: Disabled
 NUMA Support: Disabled
 Compressed Oops: Enabled (Zero based)
 Heap Region Size: 2M
 Heap Min Capacity: 8M
 Heap Initial Capacity: 1G
 Heap Max Capacity: 3G
 Pre-touch: Disabled
 Parallel Workers: 23
 Concurrent Workers: 6
 Concurrent Refinement Workers: 23
 Periodic GC: Disabled
Heap:
 garbage-first heap   total 299008K, used 213801K [0x0000000740000000, 0x0000000800000000)
  region size 2048K, 28 young (57344K), 6 survivors (12288K)
 Metaspace       used 90168K, committed 92416K, reserved 1179648K
  class space    used 12347K, committed 13440K, reserved 1048576K
GC Heap History (20 events):
Event: 16.190 GC heap before
{Heap before GC invocations=15 (full 0):
 garbage-first heap   total 253952K, used 250267K [0x0000000740000000, 0x0000000800000000)
  region size 2048K, 52 young (106496K), 2 survivors (4096K)
 Metaspace       used 65993K, committed 67904K, reserved 1114112K
  class space    used 9450K, committed 10368K, reserved 1048576K
}
Event: 16.199 GC heap after
{Heap after GC invocations=16 (full 0):
 garbage-first heap   total 266240K, used 62526K [0x0000000740000000, 0x0000000800000000)
  region size 2048K, 6 young (12288K), 6 survivors (12288K)
 Metaspace       used 65993K, committed 67904K, reserved 1114112K
  class space    used 9450K, committed 10368K, reserved 1048576K
}
Event: 17.957 GC heap before
{Heap before GC invocations=16 (full 0):
 garbage-first heap   total 266240K, used 209982K [0x0000000740000000, 0x0000000800000000)
  region size 2048K, 78 young (159744K), 6 survivors (12288K)
 Metaspace       used 72160K, committed 74368K, reserved 1114112K
  class space    used 10303K, committed 11392K, reserved 1048576K
}
Event: 17.970 GC heap after
{Heap after GC invocations=17 (full 0):
 garbage-first heap   total 266240K, used 74823K [0x0000000740000000, 0x0000000800000000)
  region size 2048K, 10 young (20480K), 10 survivors (20480K)
 Metaspace       used 72160K, committed 74368K, reserved 1114112K
  class space    used 10303K, committed 11392K, reserved 1048576K
}
Event: 19.737 GC heap before
{Heap before GC invocations=17 (full 0):
 garbage-first heap   total 266240K, used 218183K [0x0000000740000000, 0x0000000800000000)
  region size 2048K, 78 young (159744K), 10 survivors (20480K)
 Metaspace       used 75589K, committed 77760K, reserved 1179648K
  class space    used 10801K, committed 11840K, reserved 1048576K
}
Event: 19.748 GC heap after
{Heap after GC invocations=18 (full 0):
 garbage-first heap   total 266240K, used 84739K [0x0000000740000000, 0x0000000800000000)
  region size 2048K, 5 young (10240K), 5 survivors (10240K)
 Metaspace       used 75589K, committed 77760K, reserved 1179648K
  class space    used 10801K, committed 11840K, reserved 1048576K
}
Event: 20.876 GC heap before
{Heap before GC invocations=18 (full 0):
 garbage-first heap   total 266240K, used 168707K [0x0000000740000000, 0x0000000800000000)
  region size 2048K, 47 young (96256K), 5 survivors (10240K)
 Metaspace       used 75663K, committed 77760K, reserved 1179648K
  class space    used 10810K, committed 11840K, reserved 1048576K
}
Event: 20.884 GC heap after
{Heap after GC invocations=19 (full 0):
 garbage-first heap   total 266240K, used 88831K [0x0000000740000000, 0x0000000800000000)
  region size 2048K, 7 young (14336K), 7 survivors (14336K)
 Metaspace       used 75663K, committed 77760K, reserved 1179648K
  class space    used 10810K, committed 11840K, reserved 1048576K
}
Event: 22.319 GC heap before
{Heap before GC invocations=20 (full 0):
 garbage-first heap   total 266240K, used 246527K [0x0000000740000000, 0x0000000800000000)
  region size 2048K, 77 young (157696K), 7 survivors (14336K)
 Metaspace       used 75963K, committed 78144K, reserved 1179648K
  class space    used 10838K, committed 11904K, reserved 1048576K
}
Event: 22.332 GC heap after
{Heap after GC invocations=21 (full 0):
 garbage-first heap   total 278528K, used 103414K [0x0000000740000000, 0x0000000800000000)
  region size 2048K, 10 young (20480K), 10 survivors (20480K)
 Metaspace       used 75963K, committed 78144K, reserved 1179648K
  class space    used 10838K, committed 11904K, reserved 1048576K
}
Event: 25.339 GC heap before
{Heap before GC invocations=21 (full 0):
 garbage-first heap   total 278528K, used 254966K [0x0000000740000000, 0x0000000800000000)
  region size 2048K, 78 young (159744K), 10 survivors (20480K)
 Metaspace       used 83868K, committed 86080K, reserved 1179648K
  class space    used 11770K, committed 12864K, reserved 1048576K
}
Event: 25.356 GC heap after
{Heap after GC invocations=22 (full 0):
 garbage-first heap   total 299008K, used 126019K [0x0000000740000000, 0x0000000800000000)
  region size 2048K, 10 young (20480K), 10 survivors (20480K)
 Metaspace       used 83868K, committed 86080K, reserved 1179648K
  class space    used 11770K, committed 12864K, reserved 1048576K
}
Event: 25.462 GC heap before
{Heap before GC invocations=22 (full 0):
 garbage-first heap   total 299008K, used 136259K [0x0000000740000000, 0x0000000800000000)
  region size 2048K, 16 young (32768K), 10 survivors (20480K)
 Metaspace       used 83869K, committed 86080K, reserved 1179648K
  class space    used 11770K, committed 12864K, reserved 1048576K
}
Event: 25.472 GC heap after
{Heap after GC invocations=23 (full 0):
 garbage-first heap   total 299008K, used 132371K [0x0000000740000000, 0x0000000800000000)
  region size 2048K, 3 young (6144K), 3 survivors (6144K)
 Metaspace       used 83869K, committed 86080K, reserved 1179648K
  class space    used 11770K, committed 12864K, reserved 1048576K
}
Event: 28.072 GC heap before
{Heap before GC invocations=24 (full 0):
 garbage-first heap   total 299008K, used 263443K [0x0000000740000000, 0x0000000800000000)
  region size 2048K, 66 young (135168K), 3 survivors (6144K)
 Metaspace       used 86440K, committed 88640K, reserved 1179648K
  class space    used 12033K, committed 13120K, reserved 1048576K
}
Event: 28.092 GC heap after
{Heap after GC invocations=25 (full 0):
 garbage-first heap   total 299008K, used 159896K [0x0000000740000000, 0x0000000800000000)
  region size 2048K, 9 young (18432K), 9 survivors (18432K)
 Metaspace       used 86440K, committed 88640K, reserved 1179648K
  class space    used 12033K, committed 13120K, reserved 1048576K
}
Event: 30.306 GC heap before
{Heap before GC invocations=25 (full 0):
 garbage-first heap   total 299008K, used 258200K [0x0000000740000000, 0x0000000800000000)
  region size 2048K, 57 young (116736K), 9 survivors (18432K)
 Metaspace       used 89030K, committed 91264K, reserved 1179648K
  class space    used 12296K, committed 13376K, reserved 1048576K
}
Event: 30.320 GC heap after
{Heap after GC invocations=26 (full 0):
 garbage-first heap   total 299008K, used 167123K [0x0000000740000000, 0x0000000800000000)
  region size 2048K, 4 young (8192K), 4 survivors (8192K)
 Metaspace       used 89030K, committed 91264K, reserved 1179648K
  class space    used 12296K, committed 13376K, reserved 1048576K
}
Event: 32.926 GC heap before
{Heap before GC invocations=26 (full 0):
 garbage-first heap   total 299008K, used 263379K [0x0000000740000000, 0x0000000800000000)
  region size 2048K, 51 young (104448K), 4 survivors (8192K)
 Metaspace       used 89990K, committed 92224K, reserved 1179648K
  class space    used 12342K, committed 13440K, reserved 1048576K
}
Event: 32.937 GC heap after
{Heap after GC invocations=27 (full 0):
 garbage-first heap   total 299008K, used 170793K [0x0000000740000000, 0x0000000800000000)
  region size 2048K, 6 young (12288K), 6 survivors (12288K)
 Metaspace       used 89990K, committed 92224K, reserved 1179648K
  class space    used 12342K, committed 13440K, reserved 1048576K
}

