# JRE version: OpenJDK Runtime Environment Temurin-21.0.9+10 (21.0.9+10) (build 21.0.9+10-LTS)
# Java VM: OpenJDK 64-Bit Server VM Temurin-21.0.9+10 (21.0.9+10-LTS, mixed mode, sharing, tiered, compressed oops, compressed class ptrs, g1 gc, windows-amd64)
GC Precious Log:
 CardTable entry size: 512
 Card Set container configuration: InlinePtr #cards 4 size 8 Array Of Cards #cards 16 size 48 Howl #buckets 8 coarsen threshold 3686 Howl Bitmap #cards 512 size 80 coarsen threshold 460 Card regions per heap region 1 cards per card region 4096
 CPUs: 32 total, 32 available
 Memory: 65444M
 Large Page Support: Disabled
 NUMA Support: Disabled
 Compressed Oops: Enabled (Zero based)
 Heap Region Size: 2M
 Heap Min Capacity: 8M
 Heap Initial Capacity: 1G
 Heap Max Capacity: 3G
 Pre-touch: Disabled
 Parallel Workers: 23
 Concurrent Workers: 6
 Concurrent Refinement Workers: 23
 Periodic GC: Disabled
Heap:
 garbage-first heap   total 329728K, used 150318K [0x0000000740000000, 0x0000000800000000)
  region size 2048K, 30 young (61440K), 11 survivors (22528K)
 Metaspace       used 83711K, committed 85888K, reserved 1179648K
  class space    used 11747K, committed 12800K, reserved 1048576K
GC Heap History (20 events):
Event: 16.271 GC heap before
{Heap before GC invocations=8 (full 0):
 garbage-first heap   total 106496K, used 90480K [0x0000000740000000, 0x0000000800000000)
  region size 2048K, 29 young (59392K), 1 survivors (2048K)
 Metaspace       used 40616K, committed 42048K, reserved 1114112K
  class space    used 5848K, committed 6528K, reserved 1048576K
}
Event: 16.275 GC heap after
{Heap after GC invocations=9 (full 0):
 garbage-first heap   total 106496K, used 34733K [0x0000000740000000, 0x0000000800000000)
  region size 2048K, 3 young (6144K), 3 survivors (6144K)
 Metaspace       used 40616K, committed 42048K, reserved 1114112K
  class space    used 5848K, committed 6528K, reserved 1048576K
}
Event: 17.781 GC heap before
{Heap before GC invocations=9 (full 0):
 garbage-first heap   total 106496K, used 87981K [0x0000000740000000, 0x0000000800000000)
  region size 2048K, 30 young (61440K), 3 survivors (6144K)
 Metaspace       used 47077K, committed 48768K, reserved 1114112K
  class space    used 6740K, committed 7552K, reserved 1048576K
}
Event: 17.788 GC heap after
{Heap after GC invocations=10 (full 0):
 garbage-first heap   total 106496K, used 37714K [0x0000000740000000, 0x0000000800000000)
  region size 2048K, 2 young (4096K), 2 survivors (4096K)
 Metaspace       used 47077K, committed 48768K, reserved 1114112K
  class space    used 6740K, committed 7552K, reserved 1048576K
}
Event: 18.852 GC heap before
{Heap before GC invocations=10 (full 0):
 garbage-first heap   total 106496K, used 90962K [0x0000000740000000, 0x0000000800000000)
  region size 2048K, 28 young (57344K), 2 survivors (4096K)
 Metaspace       used 51210K, committed 53056K, reserved 1114112K
  class space    used 7419K, committed 8320K, reserved 1048576K
}
Event: 18.856 GC heap after
{Heap after GC invocations=11 (full 0):
 garbage-first heap   total 106496K, used 40227K [0x0000000740000000, 0x0000000800000000)
  region size 2048K, 4 young (8192K), 4 survivors (8192K)
 Metaspace       used 51210K, committed 53056K, reserved 1114112K
  class space    used 7419K, committed 8320K, reserved 1048576K
}
Event: 19.726 GC heap before
{Heap before GC invocations=11 (full 0):
 garbage-first heap   total 106496K, used 91427K [0x0000000740000000, 0x0000000800000000)
  region size 2048K, 29 young (59392K), 4 survivors (8192K)
 Metaspace       used 54510K, committed 56384K, reserved 1114112K
  class space    used 7898K, committed 8832K, reserved 1048576K
}
Event: 19.734 GC heap after
{Heap after GC invocations=12 (full 0):
 garbage-first heap   total 108544K, used 48506K [0x0000000740000000, 0x0000000800000000)
  region size 2048K, 4 young (8192K), 4 survivors (8192K)
 Metaspace       used 54510K, committed 56384K, reserved 1114112K
  class space    used 7898K, committed 8832K, reserved 1048576K
}
Event: 20.499 GC heap before
{Heap before GC invocations=12 (full 0):
 garbage-first heap   total 108544K, used 93562K [0x0000000740000000, 0x0000000800000000)
  region size 2048K, 26 young (53248K), 4 survivors (8192K)
 Metaspace       used 56733K, committed 58624K, reserved 1114112K
  class space    used 8231K, committed 9152K, reserved 1048576K
}
Event: 20.506 GC heap after
{Heap after GC invocations=13 (full 0):
 garbage-first heap   total 108544K, used 53269K [0x0000000740000000, 0x0000000800000000)
  region size 2048K, 3 young (6144K), 3 survivors (6144K)
 Metaspace       used 56733K, committed 58624K, reserved 1114112K
  class space    used 8231K, committed 9152K, reserved 1048576K
}
Event: 21.101 GC heap before
{Heap before GC invocations=13 (full 0):
 garbage-first heap   total 108544K, used 83989K [0x0000000740000000, 0x0000000800000000)
  region size 2048K, 19 young (38912K), 3 survivors (6144K)
 Metaspace       used 58178K, committed 60096K, reserved 1114112K
  class space    used 8465K, committed 9408K, reserved 1048576K
}
Event: 21.107 GC heap after
{Heap after GC invocations=14 (full 0):
 garbage-first heap   total 108544K, used 56702K [0x0000000740000000, 0x0000000800000000)
  region size 2048K, 2 young (4096K), 2 survivors (4096K)
 Metaspace       used 58178K, committed 60096K, reserved 1114112K
  class space    used 8465K, committed 9408K, reserved 1048576K
}
Event: 22.193 GC heap before
{Heap before GC invocations=15 (full 0):
 garbage-first heap   total 108544K, used 95614K [0x0000000740000000, 0x0000000800000000)
  region size 2048K, 21 young (43008K), 2 survivors (4096K)
 Metaspace       used 62084K, committed 64128K, reserved 1114112K
  class space    used 8969K, committed 9984K, reserved 1048576K
}
Event: 22.200 GC heap after
{Heap after GC invocations=16 (full 0):
 garbage-first heap   total 579584K, used 61329K [0x0000000740000000, 0x0000000800000000)
  region size 2048K, 3 young (6144K), 3 survivors (6144K)
 Metaspace       used 62084K, committed 64128K, reserved 1114112K
  class space    used 8969K, committed 9984K, reserved 1048576K
}
Event: 28.054 GC heap before
{Heap before GC invocations=16 (full 0):
 garbage-first heap   total 579584K, used 499601K [0x0000000740000000, 0x0000000800000000)
  region size 2048K, 169 young (346112K), 3 survivors (6144K)
 Metaspace       used 75735K, committed 77888K, reserved 1179648K
  class space    used 10815K, committed 11840K, reserved 1048576K
}
Event: 28.075 GC heap after
{Heap after GC invocations=17 (full 0):
 garbage-first heap   total 579584K, used 88079K [0x0000000740000000, 0x0000000800000000)
  region size 2048K, 17 young (34816K), 17 survivors (34816K)
 Metaspace       used 75735K, committed 77888K, reserved 1179648K
  class space    used 10815K, committed 11840K, reserved 1048576K
}
Event: 29.333 GC heap before
{Heap before GC invocations=17 (full 0):
 garbage-first heap   total 579584K, used 155663K [0x0000000740000000, 0x0000000800000000)
  region size 2048K, 51 young (104448K), 17 survivors (34816K)
 Metaspace       used 75750K, committed 77888K, reserved 1179648K
  class space    used 10817K, committed 11840K, reserved 1048576K
}
Event: 29.346 GC heap after
{Heap after GC invocations=18 (full 0):
 garbage-first heap   total 579584K, used 91556K [0x0000000740000000, 0x0000000800000000)
  region size 2048K, 3 young (6144K), 3 survivors (6144K)
 Metaspace       used 75750K, committed 77888K, reserved 1179648K
  class space    used 10817K, committed 11840K, reserved 1048576K
}
Event: 33.195 GC heap before
{Heap before GC invocations=19 (full 0):
 garbage-first heap   total 327680K, used 306596K [0x0000000740000000, 0x0000000800000000)
  region size 2048K, 96 young (196608K), 3 survivors (6144K)
 Metaspace       used 78158K, committed 80320K, reserved 1179648K
  class space    used 11111K, committed 12160K, reserved 1048576K
}
Event: 33.209 GC heap after
{Heap after GC invocations=20 (full 0):
 garbage-first heap   total 329728K, used 113454K [0x0000000740000000, 0x0000000800000000)
  region size 2048K, 11 young (22528K), 11 survivors (22528K)
 Metaspace       used 78158K, committed 80320K, reserved 1179648K
  class space    used 11111K, committed 12160K, reserved 1048576K
}

