# JRE version: OpenJDK Runtime Environment Temurin-21.0.9+10 (21.0.9+10) (build 21.0.9+10-LTS)
# Java VM: OpenJDK 64-Bit Server VM Temurin-21.0.9+10 (21.0.9+10-LTS, mixed mode, sharing, tiered, compressed oops, compressed class ptrs, g1 gc, windows-amd64)
GC Precious Log:
 CardTable entry size: 512
 Card Set container configuration: InlinePtr #cards 4 size 8 Array Of Cards #cards 16 size 48 Howl #buckets 8 coarsen threshold 3686 Howl Bitmap #cards 512 size 80 coarsen threshold 460 Card regions per heap region 1 cards per card region 4096
 CPUs: 32 total, 32 available
 Memory: 65444M
 Large Page Support: Disabled
 NUMA Support: Disabled
 Compressed Oops: Enabled (Zero based)
 Heap Region Size: 2M
 Heap Min Capacity: 8M
 Heap Initial Capacity: 1G
 Heap Max Capacity: 3G
 Pre-touch: Disabled
 Parallel Workers: 23
 Concurrent Workers: 6
 Concurrent Refinement Workers: 23
 Periodic GC: Disabled
Heap:
 garbage-first heap   total 108544K, used 64149K [0x0000000740000000, 0x0000000800000000)
  region size 2048K, 3 young (6144K), 3 survivors (6144K)
 Metaspace       used 61945K, committed 63936K, reserved 1114112K
  class space    used 8958K, committed 9920K, reserved 1048576K
GC Heap History (20 events):
Event: 4.175 GC heap after
{Heap after GC invocations=3 (full 0):
 garbage-first heap   total 1048576K, used 23254K [0x0000000740000000, 0x0000000800000000)
  region size 2048K, 7 young (14336K), 7 survivors (14336K)
 Metaspace       used 20865K, committed 21504K, reserved 1114112K
  class space    used 3016K, committed 3328K, reserved 1048576K
}
Event: 7.500 GC heap before
{Heap before GC invocations=4 (full 0):
 garbage-first heap   total 90112K, used 86742K [0x0000000740000000, 0x0000000800000000)
  region size 2048K, 38 young (77824K), 7 survivors (14336K)
 Metaspace       used 28689K, committed 29888K, reserved 1114112K
  class space    used 4296K, committed 4864K, reserved 1048576K
}
Event: 7.511 GC heap after
{Heap after GC invocations=5 (full 0):
 garbage-first heap   total 106496K, used 25715K [0x0000000740000000, 0x0000000800000000)
  region size 2048K, 8 young (16384K), 8 survivors (16384K)
 Metaspace       used 28689K, committed 29888K, reserved 1114112K
  class space    used 4296K, committed 4864K, reserved 1048576K
}
Event: 8.272 GC heap before
{Heap before GC invocations=5 (full 0):
 garbage-first heap   total 106496K, used 70771K [0x0000000740000000, 0x0000000800000000)
  region size 2048K, 31 young (63488K), 8 survivors (16384K)
 Metaspace       used 34305K, committed 35456K, reserved 1114112K
  class space    used 4887K, committed 5440K, reserved 1048576K
}
Event: 8.284 GC heap after
{Heap after GC invocations=6 (full 0):
 garbage-first heap   total 106496K, used 30354K [0x0000000740000000, 0x0000000800000000)
  region size 2048K, 4 young (8192K), 4 survivors (8192K)
 Metaspace       used 34305K, committed 35456K, reserved 1114112K
  class space    used 4887K, committed 5440K, reserved 1048576K
}
Event: 8.422 GC heap before
{Heap before GC invocations=6 (full 0):
 garbage-first heap   total 106496K, used 32402K [0x0000000740000000, 0x0000000800000000)
  region size 2048K, 6 young (12288K), 4 survivors (8192K)
 Metaspace       used 34812K, committed 35968K, reserved 1114112K
  class space    used 4973K, committed 5568K, reserved 1048576K
}
Event: 8.429 GC heap after
{Heap after GC invocations=7 (full 0):
 garbage-first heap   total 106496K, used 31064K [0x0000000740000000, 0x0000000800000000)
  region size 2048K, 1 young (2048K), 1 survivors (2048K)
 Metaspace       used 34812K, committed 35968K, reserved 1114112K
  class space    used 4973K, committed 5568K, reserved 1048576K
}
Event: 9.730 GC heap before
{Heap before GC invocations=8 (full 0):
 garbage-first heap   total 106496K, used 92504K [0x0000000740000000, 0x0000000800000000)
  region size 2048K, 29 young (59392K), 1 survivors (2048K)
 Metaspace       used 40691K, committed 42048K, reserved 1114112K
  class space    used 5831K, committed 6464K, reserved 1048576K
}
Event: 9.735 GC heap after
{Heap after GC invocations=9 (full 0):
 garbage-first heap   total 106496K, used 34705K [0x0000000740000000, 0x0000000800000000)
  region size 2048K, 3 young (6144K), 3 survivors (6144K)
 Metaspace       used 40691K, committed 42048K, reserved 1114112K
  class space    used 5831K, committed 6464K, reserved 1048576K
}
Event: 11.225 GC heap before
{Heap before GC invocations=9 (full 0):
 garbage-first heap   total 106496K, used 87953K [0x0000000740000000, 0x0000000800000000)
  region size 2048K, 30 young (61440K), 3 survivors (6144K)
 Metaspace       used 47020K, committed 48640K, reserved 1114112K
  class space    used 6724K, committed 7488K, reserved 1048576K
}
Event: 11.235 GC heap after
{Heap after GC invocations=10 (full 0):
 garbage-first heap   total 106496K, used 37490K [0x0000000740000000, 0x0000000800000000)
  region size 2048K, 2 young (4096K), 2 survivors (4096K)
 Metaspace       used 47020K, committed 48640K, reserved 1114112K
  class space    used 6724K, committed 7488K, reserved 1048576K
}
Event: 12.310 GC heap before
{Heap before GC invocations=10 (full 0):
 garbage-first heap   total 106496K, used 88690K [0x0000000740000000, 0x0000000800000000)
  region size 2048K, 28 young (57344K), 2 survivors (4096K)
 Metaspace       used 51217K, committed 52928K, reserved 1114112K
  class space    used 7408K, committed 8256K, reserved 1048576K
}
Event: 12.316 GC heap after
{Heap after GC invocations=11 (full 0):
 garbage-first heap   total 106496K, used 39879K [0x0000000740000000, 0x0000000800000000)
  region size 2048K, 3 young (6144K), 3 survivors (6144K)
 Metaspace       used 51217K, committed 52928K, reserved 1114112K
  class space    used 7408K, committed 8256K, reserved 1048576K
}
Event: 13.462 GC heap before
{Heap before GC invocations=11 (full 0):
 garbage-first heap   total 106496K, used 95175K [0x0000000740000000, 0x0000000800000000)
  region size 2048K, 29 young (59392K), 3 survivors (6144K)
 Metaspace       used 54638K, committed 56448K, reserved 1114112K
  class space    used 7913K, committed 8768K, reserved 1048576K
}
Event: 13.470 GC heap after
{Heap after GC invocations=12 (full 0):
 garbage-first heap   total 108544K, used 48220K [0x0000000740000000, 0x0000000800000000)
  region size 2048K, 4 young (8192K), 4 survivors (8192K)
 Metaspace       used 54638K, committed 56448K, reserved 1114112K
  class space    used 7913K, committed 8768K, reserved 1048576K
}
Event: 14.684 GC heap before
{Heap before GC invocations=12 (full 0):
 garbage-first heap   total 108544K, used 93276K [0x0000000740000000, 0x0000000800000000)
  region size 2048K, 26 young (53248K), 4 survivors (8192K)
 Metaspace       used 56877K, committed 58752K, reserved 1114112K
  class space    used 8249K, committed 9152K, reserved 1048576K
}
Event: 14.690 GC heap after
{Heap after GC invocations=13 (full 0):
 garbage-first heap   total 108544K, used 53328K [0x0000000740000000, 0x0000000800000000)
  region size 2048K, 3 young (6144K), 3 survivors (6144K)
 Metaspace       used 56877K, committed 58752K, reserved 1114112K
  class space    used 8249K, committed 9152K, reserved 1048576K
}
Event: 15.409 GC heap before
{Heap before GC invocations=13 (full 0):
 garbage-first heap   total 108544K, used 84048K [0x0000000740000000, 0x0000000800000000)
  region size 2048K, 19 young (38912K), 3 survivors (6144K)
 Metaspace       used 58221K, committed 60096K, reserved 1114112K
  class space    used 8458K, committed 9344K, reserved 1048576K
}
Event: 15.415 GC heap after
{Heap after GC invocations=14 (full 0):
 garbage-first heap   total 108544K, used 56876K [0x0000000740000000, 0x0000000800000000)
  region size 2048K, 2 young (4096K), 2 survivors (4096K)
 Metaspace       used 58221K, committed 60096K, reserved 1114112K
  class space    used 8458K, committed 9344K, reserved 1048576K
}
Event: 17.083 GC heap before
{Heap before GC invocations=15 (full 0):
 garbage-first heap   total 108544K, used 95788K [0x0000000740000000, 0x0000000800000000)
  region size 2048K, 21 young (43008K), 2 survivors (4096K)
 Metaspace       used 61945K, committed 63936K, reserved 1114112K
  class space    used 8958K, committed 9920K, reserved 1048576K
}

