# JRE version: OpenJDK Runtime Environment Temurin-21.0.9+10 (21.0.9+10) (build 21.0.9+10-LTS)
# Java VM: OpenJDK 64-Bit Server VM Temurin-21.0.9+10 (21.0.9+10-LTS, mixed mode, sharing, tiered, compressed oops, compressed class ptrs, g1 gc, windows-amd64)
GC Precious Log:
 CardTable entry size: 512
 Card Set container configuration: InlinePtr #cards 4 size 8 Array Of Cards #cards 16 size 48 Howl #buckets 8 coarsen threshold 3686 Howl Bitmap #cards 512 size 80 coarsen threshold 460 Card regions per heap region 1 cards per card region 4096
 CPUs: 32 total, 32 available
 Memory: 65444M
 Large Page Support: Disabled
 NUMA Support: Disabled
 Compressed Oops: Enabled (Zero based)
 Heap Region Size: 2M
 Heap Min Capacity: 8M
 Heap Initial Capacity: 1G
 Heap Max Capacity: 3G
 Pre-touch: Disabled
 Parallel Workers: 23
 Concurrent Workers: 6
 Concurrent Refinement Workers: 23
 Periodic GC: Disabled
Heap:
 garbage-first heap   total 536576K, used 97378K [0x0000000740000000, 0x0000000800000000)
  region size 2048K, 2 young (4096K), 1 survivors (2048K)
 Metaspace       used 75773K, committed 77888K, reserved 1179648K
  class space    used 10803K, committed 11840K, reserved 1048576K
GC Heap History (20 events):
Event: 6.964 GC heap after
{Heap after GC invocations=7 (full 0):
 garbage-first heap   total 106496K, used 31055K [0x0000000740000000, 0x0000000800000000)
  region size 2048K, 3 young (6144K), 3 survivors (6144K)
 Metaspace       used 34745K, committed 35968K, reserved 1114112K
  class space    used 4959K, committed 5568K, reserved 1048576K
}
Event: 8.242 GC heap before
{Heap before GC invocations=8 (full 0):
 garbage-first heap   total 106496K, used 90447K [0x0000000740000000, 0x0000000800000000)
  region size 2048K, 31 young (63488K), 3 survivors (6144K)
 Metaspace       used 40571K, committed 41984K, reserved 1114112K
  class space    used 5834K, committed 6528K, reserved 1048576K
}
Event: 8.250 GC heap after
{Heap after GC invocations=9 (full 0):
 garbage-first heap   total 106496K, used 35221K [0x0000000740000000, 0x0000000800000000)
  region size 2048K, 4 young (8192K), 4 survivors (8192K)
 Metaspace       used 40571K, committed 41984K, reserved 1114112K
  class space    used 5834K, committed 6528K, reserved 1048576K
}
Event: 9.283 GC heap before
{Heap before GC invocations=9 (full 0):
 garbage-first heap   total 106496K, used 88469K [0x0000000740000000, 0x0000000800000000)
  region size 2048K, 31 young (63488K), 4 survivors (8192K)
 Metaspace       used 47055K, committed 48640K, reserved 1114112K
  class space    used 6730K, committed 7488K, reserved 1048576K
}
Event: 9.291 GC heap after
{Heap after GC invocations=10 (full 0):
 garbage-first heap   total 106496K, used 38308K [0x0000000740000000, 0x0000000800000000)
  region size 2048K, 4 young (8192K), 4 survivors (8192K)
 Metaspace       used 47055K, committed 48640K, reserved 1114112K
  class space    used 6730K, committed 7488K, reserved 1048576K
}
Event: 10.246 GC heap before
{Heap before GC invocations=10 (full 0):
 garbage-first heap   total 106496K, used 91556K [0x0000000740000000, 0x0000000800000000)
  region size 2048K, 30 young (61440K), 4 survivors (8192K)
 Metaspace       used 50950K, committed 52672K, reserved 1114112K
  class space    used 7357K, committed 8192K, reserved 1048576K
}
Event: 10.252 GC heap after
{Heap after GC invocations=11 (full 0):
 garbage-first heap   total 106496K, used 40900K [0x0000000740000000, 0x0000000800000000)
  region size 2048K, 3 young (6144K), 3 survivors (6144K)
 Metaspace       used 50950K, committed 52672K, reserved 1114112K
  class space    used 7357K, committed 8192K, reserved 1048576K
}
Event: 10.922 GC heap before
{Heap before GC invocations=11 (full 0):
 garbage-first heap   total 106496K, used 94148K [0x0000000740000000, 0x0000000800000000)
  region size 2048K, 28 young (57344K), 3 survivors (6144K)
 Metaspace       used 54395K, committed 56256K, reserved 1114112K
  class space    used 7868K, committed 8768K, reserved 1048576K
}
Event: 10.928 GC heap after
{Heap after GC invocations=12 (full 0):
 garbage-first heap   total 106496K, used 48976K [0x0000000740000000, 0x0000000800000000)
  region size 2048K, 4 young (8192K), 4 survivors (8192K)
 Metaspace       used 54395K, committed 56256K, reserved 1114112K
  class space    used 7868K, committed 8768K, reserved 1048576K
}
Event: 11.606 GC heap before
{Heap before GC invocations=12 (full 0):
 garbage-first heap   total 106496K, used 91984K [0x0000000740000000, 0x0000000800000000)
  region size 2048K, 25 young (51200K), 4 survivors (8192K)
 Metaspace       used 56144K, committed 57984K, reserved 1114112K
  class space    used 8117K, committed 9024K, reserved 1048576K
}
Event: 11.613 GC heap after
{Heap after GC invocations=13 (full 0):
 garbage-first heap   total 106496K, used 53772K [0x0000000740000000, 0x0000000800000000)
  region size 2048K, 3 young (6144K), 3 survivors (6144K)
 Metaspace       used 56144K, committed 57984K, reserved 1114112K
  class space    used 8117K, committed 9024K, reserved 1048576K
}
Event: 12.256 GC heap before
{Heap before GC invocations=13 (full 0):
 garbage-first heap   total 106496K, used 88588K [0x0000000740000000, 0x0000000800000000)
  region size 2048K, 21 young (43008K), 3 survivors (6144K)
 Metaspace       used 58251K, committed 60096K, reserved 1114112K
  class space    used 8453K, committed 9344K, reserved 1048576K
}
Event: 12.263 GC heap after
{Heap after GC invocations=14 (full 0):
 garbage-first heap   total 577536K, used 57816K [0x0000000740000000, 0x0000000800000000)
  region size 2048K, 2 young (4096K), 2 survivors (4096K)
 Metaspace       used 58251K, committed 60096K, reserved 1114112K
  class space    used 8453K, committed 9344K, reserved 1048576K
}
Event: 15.097 GC heap before
{Heap before GC invocations=15 (full 0):
 garbage-first heap   total 249856K, used 246232K [0x0000000740000000, 0x0000000800000000)
  region size 2048K, 48 young (98304K), 2 survivors (4096K)
 Metaspace       used 67674K, committed 69696K, reserved 1114112K
  class space    used 9636K, committed 10624K, reserved 1048576K
}
Event: 15.106 GC heap after
{Heap after GC invocations=16 (full 0):
 garbage-first heap   total 264192K, used 66497K [0x0000000740000000, 0x0000000800000000)
  region size 2048K, 7 young (14336K), 7 survivors (14336K)
 Metaspace       used 67674K, committed 69696K, reserved 1114112K
  class space    used 9636K, committed 10624K, reserved 1048576K
}
Event: 17.095 GC heap before
{Heap before GC invocations=16 (full 0):
 garbage-first heap   total 264192K, used 209857K [0x0000000740000000, 0x0000000800000000)
  region size 2048K, 77 young (157696K), 7 survivors (14336K)
 Metaspace       used 72544K, committed 74688K, reserved 1114112K
  class space    used 10331K, committed 11392K, reserved 1048576K
}
Event: 17.108 GC heap after
{Heap after GC invocations=17 (full 0):
 garbage-first heap   total 264192K, used 77512K [0x0000000740000000, 0x0000000800000000)
  region size 2048K, 10 young (20480K), 10 survivors (20480K)
 Metaspace       used 72544K, committed 74688K, reserved 1114112K
  class space    used 10331K, committed 11392K, reserved 1048576K
}
Event: 18.805 GC heap before
{Heap before GC invocations=17 (full 0):
 garbage-first heap   total 264192K, used 188104K [0x0000000740000000, 0x0000000800000000)
  region size 2048K, 65 young (133120K), 10 survivors (20480K)
 Metaspace       used 75639K, committed 77760K, reserved 1179648K
  class space    used 10793K, committed 11840K, reserved 1048576K
}
Event: 18.819 GC heap after
{Heap after GC invocations=18 (full 0):
 garbage-first heap   total 264192K, used 84511K [0x0000000740000000, 0x0000000800000000)
  region size 2048K, 4 young (8192K), 4 survivors (8192K)
 Metaspace       used 75639K, committed 77760K, reserved 1179648K
  class space    used 10793K, committed 11840K, reserved 1048576K
}
Event: 20.979 GC heap before
{Heap before GC invocations=19 (full 0):
 garbage-first heap   total 264192K, used 236063K [0x0000000740000000, 0x0000000800000000)
  region size 2048K, 73 young (149504K), 4 survivors (8192K)
 Metaspace       used 75770K, committed 77888K, reserved 1179648K
  class space    used 10803K, committed 11840K, reserved 1048576K
}

