# JRE version: OpenJDK Runtime Environment Temurin-21.0.9+10 (21.0.9+10) (build 21.0.9+10-LTS)
# Java VM: OpenJDK 64-Bit Server VM Temurin-21.0.9+10 (21.0.9+10-LTS, mixed mode, sharing, tiered, compressed oops, compressed class ptrs, g1 gc, windows-amd64)
GC Precious Log:
 CardTable entry size: 512
 Card Set container configuration: InlinePtr #cards 4 size 8 Array Of Cards #cards 16 size 48 Howl #buckets 8 coarsen threshold 3686 Howl Bitmap #cards 512 size 80 coarsen threshold 460 Card regions per heap region 1 cards per card region 4096
 CPUs: 32 total, 32 available
 Memory: 65444M
 Large Page Support: Disabled
 NUMA Support: Disabled
 Compressed Oops: Enabled (Zero based)
 Heap Region Size: 2M
 Heap Min Capacity: 8M
 Heap Initial Capacity: 1G
 Heap Max Capacity: 3G
 Pre-touch: Disabled
 Parallel Workers: 23
 Concurrent Workers: 6
 Concurrent Refinement Workers: 23
 Periodic GC: Disabled
Heap:
 garbage-first heap   total 579584K, used 101004K [0x0000000740000000, 0x0000000800000000)
  region size 2048K, 24 young (49152K), 16 survivors (32768K)
 Metaspace       used 75613K, committed 77760K, reserved 1179648K
  class space    used 10793K, committed 11840K, reserved 1048576K
GC Heap History (20 events):
Event: 6.505 GC heap before
{Heap before GC invocations=5 (full 0):
 garbage-first heap   total 106496K, used 70724K [0x0000000740000000, 0x0000000800000000)
  region size 2048K, 31 young (63488K), 8 survivors (16384K)
 Metaspace       used 34753K, committed 35904K, reserved 1114112K
  class space    used 4958K, committed 5504K, reserved 1048576K
}
Event: 6.514 GC heap after
{Heap after GC invocations=6 (full 0):
 garbage-first heap   total 106496K, used 30554K [0x0000000740000000, 0x0000000800000000)
  region size 2048K, 4 young (8192K), 4 survivors (8192K)
 Metaspace       used 34753K, committed 35904K, reserved 1114112K
  class space    used 4958K, committed 5504K, reserved 1048576K
}
Event: 6.532 GC heap before
{Heap before GC invocations=6 (full 0):
 garbage-first heap   total 106496K, used 30554K [0x0000000740000000, 0x0000000800000000)
  region size 2048K, 5 young (10240K), 4 survivors (8192K)
 Metaspace       used 34832K, committed 35968K, reserved 1114112K
  class space    used 4975K, committed 5568K, reserved 1048576K
}
Event: 6.536 GC heap after
{Heap after GC invocations=7 (full 0):
 garbage-first heap   total 106496K, used 31587K [0x0000000740000000, 0x0000000800000000)
  region size 2048K, 1 young (2048K), 1 survivors (2048K)
 Metaspace       used 34832K, committed 35968K, reserved 1114112K
  class space    used 4975K, committed 5568K, reserved 1048576K
}
Event: 7.414 GC heap before
{Heap before GC invocations=8 (full 0):
 garbage-first heap   total 106496K, used 90979K [0x0000000740000000, 0x0000000800000000)
  region size 2048K, 29 young (59392K), 1 survivors (2048K)
 Metaspace       used 40692K, committed 42048K, reserved 1114112K
  class space    used 5831K, committed 6464K, reserved 1048576K
}
Event: 7.417 GC heap after
{Heap after GC invocations=9 (full 0):
 garbage-first heap   total 106496K, used 34988K [0x0000000740000000, 0x0000000800000000)
  region size 2048K, 3 young (6144K), 3 survivors (6144K)
 Metaspace       used 40692K, committed 42048K, reserved 1114112K
  class space    used 5831K, committed 6464K, reserved 1048576K
}
Event: 8.419 GC heap before
{Heap before GC invocations=9 (full 0):
 garbage-first heap   total 106496K, used 88236K [0x0000000740000000, 0x0000000800000000)
  region size 2048K, 30 young (61440K), 3 survivors (6144K)
 Metaspace       used 47014K, committed 48640K, reserved 1114112K
  class space    used 6720K, committed 7488K, reserved 1048576K
}
Event: 8.428 GC heap after
{Heap after GC invocations=10 (full 0):
 garbage-first heap   total 106496K, used 38167K [0x0000000740000000, 0x0000000800000000)
  region size 2048K, 2 young (4096K), 2 survivors (4096K)
 Metaspace       used 47014K, committed 48640K, reserved 1114112K
  class space    used 6720K, committed 7488K, reserved 1048576K
}
Event: 9.344 GC heap before
{Heap before GC invocations=10 (full 0):
 garbage-first heap   total 106496K, used 91415K [0x0000000740000000, 0x0000000800000000)
  region size 2048K, 28 young (57344K), 2 survivors (4096K)
 Metaspace       used 51194K, committed 52928K, reserved 1114112K
  class space    used 7400K, committed 8256K, reserved 1048576K
}
Event: 9.349 GC heap after
{Heap after GC invocations=11 (full 0):
 garbage-first heap   total 106496K, used 40626K [0x0000000740000000, 0x0000000800000000)
  region size 2048K, 4 young (8192K), 4 survivors (8192K)
 Metaspace       used 51194K, committed 52928K, reserved 1114112K
  class space    used 7400K, committed 8256K, reserved 1048576K
}
Event: 10.160 GC heap before
{Heap before GC invocations=11 (full 0):
 garbage-first heap   total 106496K, used 93874K [0x0000000740000000, 0x0000000800000000)
  region size 2048K, 29 young (59392K), 4 survivors (8192K)
 Metaspace       used 54445K, committed 56256K, reserved 1114112K
  class space    used 7875K, committed 8768K, reserved 1048576K
}
Event: 10.167 GC heap after
{Heap after GC invocations=12 (full 0):
 garbage-first heap   total 108544K, used 48881K [0x0000000740000000, 0x0000000800000000)
  region size 2048K, 4 young (8192K), 4 survivors (8192K)
 Metaspace       used 54445K, committed 56256K, reserved 1114112K
  class space    used 7875K, committed 8768K, reserved 1048576K
}
Event: 10.951 GC heap before
{Heap before GC invocations=12 (full 0):
 garbage-first heap   total 108544K, used 93937K [0x0000000740000000, 0x0000000800000000)
  region size 2048K, 26 young (53248K), 4 survivors (8192K)
 Metaspace       used 56692K, committed 58496K, reserved 1114112K
  class space    used 8212K, committed 9088K, reserved 1048576K
}
Event: 10.957 GC heap after
{Heap after GC invocations=13 (full 0):
 garbage-first heap   total 110592K, used 53751K [0x0000000740000000, 0x0000000800000000)
  region size 2048K, 3 young (6144K), 3 survivors (6144K)
 Metaspace       used 56692K, committed 58496K, reserved 1114112K
  class space    used 8212K, committed 9088K, reserved 1048576K
}
Event: 11.592 GC heap before
{Heap before GC invocations=13 (full 0):
 garbage-first heap   total 110592K, used 84471K [0x0000000740000000, 0x0000000800000000)
  region size 2048K, 19 young (38912K), 3 survivors (6144K)
 Metaspace       used 58281K, committed 60160K, reserved 1114112K
  class space    used 8472K, committed 9344K, reserved 1048576K
}
Event: 11.599 GC heap after
{Heap after GC invocations=14 (full 0):
 garbage-first heap   total 110592K, used 57040K [0x0000000740000000, 0x0000000800000000)
  region size 2048K, 2 young (4096K), 2 survivors (4096K)
 Metaspace       used 58281K, committed 60160K, reserved 1114112K
  class space    used 8472K, committed 9344K, reserved 1048576K
}
Event: 12.546 GC heap before
{Heap before GC invocations=15 (full 0):
 garbage-first heap   total 110592K, used 93904K [0x0000000740000000, 0x0000000800000000)
  region size 2048K, 21 young (43008K), 2 survivors (4096K)
 Metaspace       used 62988K, committed 65024K, reserved 1114112K
  class space    used 9052K, committed 10048K, reserved 1048576K
}
Event: 12.554 GC heap after
{Heap after GC invocations=16 (full 0):
 garbage-first heap   total 579584K, used 61510K [0x0000000740000000, 0x0000000800000000)
  region size 2048K, 3 young (6144K), 3 survivors (6144K)
 Metaspace       used 62988K, committed 65024K, reserved 1114112K
  class space    used 9052K, committed 10048K, reserved 1048576K
}
Event: 18.921 GC heap before
{Heap before GC invocations=16 (full 0):
 garbage-first heap   total 579584K, used 499782K [0x0000000740000000, 0x0000000800000000)
  region size 2048K, 169 young (346112K), 3 survivors (6144K)
 Metaspace       used 75612K, committed 77760K, reserved 1179648K
  class space    used 10793K, committed 11840K, reserved 1048576K
}
Event: 18.940 GC heap after
{Heap after GC invocations=17 (full 0):
 garbage-first heap   total 579584K, used 86668K [0x0000000740000000, 0x0000000800000000)
  region size 2048K, 16 young (32768K), 16 survivors (32768K)
 Metaspace       used 75612K, committed 77760K, reserved 1179648K
  class space    used 10793K, committed 11840K, reserved 1048576K
}

